<?xml version="1.0" encoding="UTF-8"?>
<!-- Generated by org.testng.reporters.JUnitXMLReporter -->
<testsuite ignored="0" hostname="DESKTOP-CALU88G" failures="0" tests="3" name="Command line test" time="0.108" errors="0" timestamp="21 Sep 2020 16:11:36 GMT">
  <testcase classname="test_cases.ClassATest" name="testCaseA" time="0.015"/>
  <testcase classname="test_cases.ClassATest" name="testCaseB" time="0.003"/>
  <testcase classname="test_cases.ClassATest" name="testCaseC" time="0.001"/>
</testsuite> <!-- Command line test -->
