<?xml version="1.0" encoding="UTF-8"?>
<!-- Generated by org.testng.reporters.JUnitXMLReporter -->
<testsuite ignored="0" hostname="DESKTOP-CALU88G" failures="0" tests="9" name="Test" time="0.115" errors="0" timestamp="22 Sep 2020 22:17:46 GMT">
  <testcase classname="test_cases.ClassBTest" name="testCaseB1" time="0.032"/>
  <testcase classname="test_cases.ClassBTest" name="testCaseB2" time="0.002"/>
  <testcase classname="test_cases.ClassBTest" name="testCaseB3" time="0.0"/>
  <testcase classname="test_cases.ClassCTest" name="testCaseA" time="0.0"/>
  <testcase classname="test_cases.ClassCTest" name="testCaseB" time="0.0"/>
  <testcase classname="test_cases.ClassCTest" name="testCaseC" time="0.001"/>
  <testcase classname="test_cases.ClassATest" name="testCaseA" time="0.002"/>
  <testcase classname="test_cases.ClassATest" name="testCaseB" time="0.001"/>
  <testcase classname="test_cases.ClassATest" name="testCaseC" time="0.0"/>
</testsuite> <!-- Test -->
