<?xml version="1.0" encoding="UTF-8"?>
<testng-results ignored="0" total="9" passed="9" failed="0" skipped="0">
  <reporter-output>
  </reporter-output>
  <suite started-at="2020-09-22T22:17:45Z" name="Suite" finished-at="2020-09-22T22:17:45Z" duration-ms="115">
    <groups>
    </groups>
    <test started-at="2020-09-22T22:17:45Z" name="Test" finished-at="2020-09-22T22:17:45Z" duration-ms="115">
      <class name="test_cases.ClassCTest">
        <test-method signature="testCaseA()[pri:0, instance:test_cases.ClassCTest@a307a8c]" started-at="2020-09-22T22:17:45Z" name="testCaseA" finished-at="2020-09-22T22:17:45Z" duration-ms="0" status="PASS">
          <reporter-output>
          </reporter-output>
        </test-method> <!-- testCaseA -->
        <test-method signature="testCaseC()[pri:0, instance:test_cases.ClassCTest@a307a8c]" started-at="2020-09-22T22:17:45Z" name="testCaseC" finished-at="2020-09-22T22:17:45Z" duration-ms="1" status="PASS">
          <reporter-output>
          </reporter-output>
        </test-method> <!-- testCaseC -->
        <test-method signature="testCaseB()[pri:0, instance:test_cases.ClassCTest@a307a8c]" started-at="2020-09-22T22:17:45Z" name="testCaseB" finished-at="2020-09-22T22:17:45Z" duration-ms="0" status="PASS">
          <reporter-output>
          </reporter-output>
        </test-method> <!-- testCaseB -->
      </class> <!-- test_cases.ClassCTest -->
      <class name="test_cases.ClassATest">
        <test-method signature="testCaseA()[pri:0, instance:test_cases.ClassATest@6e01f9b0]" started-at="2020-09-22T22:17:45Z" name="testCaseA" finished-at="2020-09-22T22:17:45Z" duration-ms="2" status="PASS">
          <reporter-output>
          </reporter-output>
        </test-method> <!-- testCaseA -->
        <test-method signature="testCaseB()[pri:0, instance:test_cases.ClassATest@6e01f9b0]" started-at="2020-09-22T22:17:45Z" name="testCaseB" finished-at="2020-09-22T22:17:45Z" duration-ms="1" status="PASS">
          <reporter-output>
          </reporter-output>
        </test-method> <!-- testCaseB -->
        <test-method signature="testCaseC()[pri:0, instance:test_cases.ClassATest@6e01f9b0]" started-at="2020-09-22T22:17:45Z" name="testCaseC" finished-at="2020-09-22T22:17:45Z" duration-ms="0" status="PASS">
          <reporter-output>
          </reporter-output>
        </test-method> <!-- testCaseC -->
      </class> <!-- test_cases.ClassATest -->
      <class name="test_cases.ClassBTest">
        <test-method signature="testCaseB1()[pri:0, instance:test_cases.ClassBTest@1bab8268]" started-at="2020-09-22T22:17:45Z" name="testCaseB1" finished-at="2020-09-22T22:17:45Z" duration-ms="32" status="PASS">
          <reporter-output>
          </reporter-output>
        </test-method> <!-- testCaseB1 -->
        <test-method signature="testCaseB2()[pri:0, instance:test_cases.ClassBTest@1bab8268]" started-at="2020-09-22T22:17:45Z" name="testCaseB2" finished-at="2020-09-22T22:17:45Z" duration-ms="2" status="PASS">
          <reporter-output>
          </reporter-output>
        </test-method> <!-- testCaseB2 -->
        <test-method signature="testCaseB3()[pri:0, instance:test_cases.ClassBTest@1bab8268]" started-at="2020-09-22T22:17:45Z" name="testCaseB3" finished-at="2020-09-22T22:17:45Z" duration-ms="0" status="PASS">
          <reporter-output>
          </reporter-output>
        </test-method> <!-- testCaseB3 -->
      </class> <!-- test_cases.ClassBTest -->
    </test> <!-- Test -->
  </suite> <!-- Suite -->
</testng-results>
