<?xml version="1.0" encoding="UTF-8"?>
<testsuite xmlns:xsi="http://www.w3.org/2001/XMLSchema-instance" xsi:noNamespaceSchemaLocation="https://maven.apache.org/surefire/maven-surefire-plugin/xsd/surefire-test-report-3.0.xsd" version="3.0" name="TestSuite" time="3.674" tests="9" errors="0" skipped="0" failures="0">
  <properties>
[...]
</properties>
  <testcase name="testCaseB1" classname="test_cases.ClassBTest" time="0.047">
    <system-out><![CDATA[[TestNGContentHandler] [WARN] It is strongly recommended to add "<!DOCTYPE suite SYSTEM "http://testng.org/testng-1.0.dtd" >" at the top of your file, otherwise TestNG may fail or not work as expected.
testCaseB1
]]></system-out>
  </testcase>
  <testcase name="testCaseB2" classname="test_cases.ClassBTest" time="0.001">
    <system-out><![CDATA[testCaseB2
]]></system-out>
  </testcase>
  <testcase name="testCaseB3" classname="test_cases.ClassBTest" time="0.001">
    <system-out><![CDATA[testCaseB3
]]></system-out>
  </testcase>
  <testcase name="testCaseA" classname="test_cases.ClassCTest" time="0.001">
    <system-out><![CDATA[testCaseA
]]></system-out>
  </testcase>
  <testcase name="testCaseB" classname="test_cases.ClassCTest" time="0.001">
    <system-out><![CDATA[testCaseB
]]></system-out>
  </testcase>
  <testcase name="testCaseC" classname="test_cases.ClassCTest" time="0.002">
    <system-out><![CDATA[testCaseC
]]></system-out>
  </testcase>
  <testcase name="testCaseA" classname="test_cases.ClassATest" time="0.008">
    <system-out><![CDATA[testCaseA
]]></system-out>
  </testcase>
  <testcase name="testCaseB" classname="test_cases.ClassATest" time="0.002">
    <system-out><![CDATA[testCaseB
]]></system-out>
  </testcase>
  <testcase name="testCaseC" classname="test_cases.ClassATest" time="0.002">
    <system-out><![CDATA[testCaseC
]]></system-out>
  </testcase>
</testsuite>